<?xml version="1.0" encoding="UTF-8"?>
<!-- Generated by org.testng.reporters.JUnitXMLReporter -->
<testsuite hostname="LAPTOP-0MT7PC1D" ignored="1" name="Test" tests="2" failures="0" timestamp="2020-07-20T22:27:38 IST" time="37.001" errors="0">
  <testcase name="loginSearchContent" time="25.959" classname="com.scripts.LoginGmail"/>
  <testcase name="createExcel" time="1.801" classname="com.scripts.WriteContent"/>
  <testcase name="@BeforeTest OpenGmail" time="0.0" classname="com.scripts.OpenBrowser">
    <ignored/>
  </testcase> <!-- @BeforeTest OpenGmail -->
</testsuite> <!-- Test -->
