<?xml version="1.0" encoding="UTF-8"?>
<testng-results skipped="0" failed="0" ignored="1" total="3" passed="2">
  <reporter-output>
  </reporter-output>
  <suite name="Suite" duration-ms="37001" started-at="2020-07-20T22:27:01 IST" finished-at="2020-07-20T22:27:38 IST">
    <groups>
    </groups>
    <test name="Test" duration-ms="37001" started-at="2020-07-20T22:27:01 IST" finished-at="2020-07-20T22:27:38 IST">
      <class name="com.scripts.LoginGmail">
        <test-method status="PASS" signature="loginSearchContent()[pri:0, instance:com.scripts.LoginGmail@d44fc21]" name="loginSearchContent" duration-ms="25959" started-at="2020-07-20T22:27:11 IST" finished-at="2020-07-20T22:27:37 IST">
          <reporter-output>
          </reporter-output>
        </test-method> <!-- loginSearchContent -->
      </class> <!-- com.scripts.LoginGmail -->
      <class name="com.scripts.OpenBrowser">
        <test-method status="PASS" signature="OpenGmail()[pri:0, instance:com.scripts.OpenBrowser@51cdd8a]" name="OpenGmail" is-config="true" duration-ms="9186" started-at="2020-07-20T22:27:01 IST" finished-at="2020-07-20T22:27:11 IST">
          <reporter-output>
          </reporter-output>
        </test-method> <!-- OpenGmail -->
      </class> <!-- com.scripts.OpenBrowser -->
      <class name="com.scripts.WriteContent">
        <test-method status="PASS" signature="createExcel()[pri:0, instance:com.scripts.WriteContent@23faf8f2]" name="createExcel" duration-ms="1801" started-at="2020-07-20T22:27:37 IST" finished-at="2020-07-20T22:27:38 IST">
          <reporter-output>
          </reporter-output>
        </test-method> <!-- createExcel -->
      </class> <!-- com.scripts.WriteContent -->
    </test> <!-- Test -->
  </suite> <!-- Suite -->
</testng-results>
